<?xml version="1.0" encoding="UTF-8"?>
<testng-results skipped="0" failed="0" total="1" passed="1">
  <reporter-output>
  </reporter-output>
  <suite name="Suite" duration-ms="20523" started-at="2019-07-31T07:36:37Z" finished-at="2019-07-31T07:36:57Z">
    <groups>
    </groups>
    <test name="Test" duration-ms="20523" started-at="2019-07-31T07:36:37Z" finished-at="2019-07-31T07:36:57Z">
      <class name="com.investaSolutions.tests.VerifyInstrumentManagementsTest">
        <test-method status="PASS" signature="beforeSuite(java.lang.String)[pri:0, instance:com.investaSolutions.tests.VerifyInstrumentManagementsTest@65d6b83b]" name="beforeSuite" is-config="true" duration-ms="4403" started-at="2019-07-31T13:06:32Z" finished-at="2019-07-31T13:06:37Z">
          <params>
            <param index="0">
              <value>
                <![CDATA[chrome]]>
              </value>
            </param>
          </params>
          <reporter-output>
          </reporter-output>
        </test-method> <!-- beforeSuite -->
        <test-method status="PASS" signature="testInstrumentManagementTest(java.lang.reflect.Method)[pri:2, instance:com.investaSolutions.tests.VerifyInstrumentManagementsTest@65d6b83b]" name="testInstrumentManagementTest" duration-ms="20326" started-at="2019-07-31T13:06:37Z" description="Verifying instrument management tab title in the page" finished-at="2019-07-31T13:06:57Z">
          <params>
            <param index="0">
              <value>
                <![CDATA[public void com.investaSolutions.tests.VerifyInstrumentManagementsTest.testInstrumentManagementTest(java.lang.reflect.Method) throws java.lang.Throwable]]>
              </value>
            </param>
          </params>
          <reporter-output>
          </reporter-output>
        </test-method> <!-- testInstrumentManagementTest -->
        <test-method status="PASS" signature="afterMethod(org.testng.ITestResult)[pri:0, instance:com.investaSolutions.tests.VerifyInstrumentManagementsTest@65d6b83b]" name="afterMethod" is-config="true" duration-ms="128" started-at="2019-07-31T13:06:57Z" finished-at="2019-07-31T13:06:57Z">
          <params>
            <param index="0">
              <value>
                <![CDATA[[TestResult name=testInstrumentManagementTest status=SUCCESS method=VerifyInstrumentManagementsTest.testInstrumentManagementTest(java.lang.reflect.Method)[pri:2, instance:com.investaSolutions.tests.VerifyInstrumentManagementsTest@65d6b83b] output={null}]]]>
              </value>
            </param>
          </params>
          <reporter-output>
          </reporter-output>
        </test-method> <!-- afterMethod -->
        <test-method status="PASS" signature="generateReport()[pri:0, instance:com.investaSolutions.tests.VerifyInstrumentManagementsTest@65d6b83b]" name="generateReport" is-config="true" duration-ms="6412" started-at="2019-07-31T13:06:57Z" finished-at="2019-07-31T13:07:04Z">
          <reporter-output>
          </reporter-output>
        </test-method> <!-- generateReport -->
      </class> <!-- com.investaSolutions.tests.VerifyInstrumentManagementsTest -->
    </test> <!-- Test -->
  </suite> <!-- Suite -->
</testng-results>
